2024-12-11 06:12:45,711:INFO:Total metadata entries to process: 193
2024-12-11 06:12:45,938:INFO:Wrote remaining 193 images to H5. Total images now: 193
2024-12-11 06:12:45,940:INFO:Preprocessing complete. Processed entries: 193, Images added: 193, Placeholders added: 0
2024-12-11 06:12:45,940:INFO:All metadata entries processed successfully.
2024-12-11 06:18:40,863:INFO:Total metadata entries to process: 935
2024-12-11 06:18:41,245:INFO:Wrote remaining 935 images to H5. Total images now: 935
2024-12-11 06:18:41,249:INFO:Preprocessing complete. Processed entries: 935, Images added: 935, Placeholders added: 0
2024-12-11 06:18:41,249:INFO:All metadata entries processed successfully.
2024-12-11 06:24:09,042:INFO:Total metadata entries to process: 1017
2024-12-11 06:24:09,899:INFO:Wrote 1000 images to H5. Total images now: 1000
2024-12-11 06:24:09,919:INFO:Wrote remaining 17 images to H5. Total images now: 1017
2024-12-11 06:24:09,920:INFO:Preprocessing complete. Processed entries: 1017, Images added: 1017, Placeholders added: 0
2024-12-11 06:24:09,920:INFO:All metadata entries processed successfully.
2024-12-11 06:30:30,945:INFO:Total metadata entries to process: 1017
2024-12-11 06:30:36,747:INFO:Wrote 1000 images to H5. Total images now: 1000
2024-12-11 06:30:36,824:INFO:Wrote remaining 17 images to H5. Total images now: 1017
2024-12-11 06:30:36,834:INFO:Preprocessing complete. Processed entries: 1017, Images added: 1017, Placeholders added: 0
2024-12-11 06:30:36,834:INFO:All metadata entries processed successfully.
2024-12-11 06:31:17,640:INFO:Total metadata entries to process: 1066
2024-12-11 06:31:21,326:INFO:Wrote 1000 images to H5. Total images now: 1000
2024-12-11 06:31:21,447:INFO:Wrote remaining 66 images to H5. Total images now: 1066
2024-12-11 06:31:21,449:INFO:Preprocessing complete. Processed entries: 1066, Images added: 1066, Placeholders added: 0
2024-12-11 06:31:21,449:INFO:All metadata entries processed successfully.
2024-12-11 06:32:40,267:INFO:Total metadata entries to process: 1241
2024-12-11 06:32:41,186:INFO:Wrote 1000 images to H5. Total images now: 1000
2024-12-11 06:32:41,385:INFO:Wrote remaining 241 images to H5. Total images now: 1241
2024-12-11 06:32:41,389:INFO:Preprocessing complete. Processed entries: 1241, Images added: 1241, Placeholders added: 0
2024-12-11 06:32:41,389:INFO:All metadata entries processed successfully.
2024-12-11 06:34:53,208:INFO:Total metadata entries to process: 1324
2024-12-11 06:34:54,638:INFO:Wrote 1000 images to H5. Total images now: 1000
2024-12-11 06:34:54,951:INFO:Wrote remaining 324 images to H5. Total images now: 1324
2024-12-11 06:34:54,955:INFO:Preprocessing complete. Processed entries: 1324, Images added: 1324, Placeholders added: 0
2024-12-11 06:34:54,955:INFO:All metadata entries processed successfully.
2024-12-11 06:36:16,629:INFO:Total metadata entries to process: 1045
2024-12-11 10:45:24,217:INFO:Total metadata entries to process: 1301
2024-12-11 10:45:25,211:INFO:Wrote 1000 images to H5. Total images now: 1000
2024-12-11 10:45:25,530:INFO:Wrote remaining 301 images to H5. Total images now: 1301
2024-12-11 10:45:25,534:INFO:Preprocessing complete. Processed entries: 1301, Images added: 1301, Placeholders added: 0
2024-12-11 10:45:25,534:INFO:All metadata entries processed successfully.
2024-12-11 10:45:25,539:INFO:Total metadata entries to process: 1431
2024-12-11 10:45:26,605:INFO:Wrote 1000 images to H5. Total images now: 1000
2024-12-11 10:45:26,990:INFO:Wrote remaining 431 images to H5. Total images now: 1431
2024-12-11 10:45:26,993:INFO:Preprocessing complete. Processed entries: 1431, Images added: 1431, Placeholders added: 0
2024-12-11 10:45:26,993:INFO:All metadata entries processed successfully.
2024-12-11 10:45:27,001:INFO:Total metadata entries to process: 3960
2024-12-11 10:45:31,151:INFO:Wrote 1000 images to H5. Total images now: 1000
2024-12-11 10:45:37,333:INFO:Wrote 1000 images to H5. Total images now: 2000
2024-12-11 10:45:42,527:INFO:Wrote 1000 images to H5. Total images now: 3000
2024-12-11 10:45:43,482:INFO:Wrote remaining 960 images to H5. Total images now: 3960
2024-12-11 10:45:43,680:INFO:Preprocessing complete. Processed entries: 3960, Images added: 3960, Placeholders added: 0
2024-12-11 10:45:43,680:INFO:All metadata entries processed successfully.
2024-12-11 10:45:43,696:INFO:Total metadata entries to process: 4611
2024-12-11 10:45:50,380:INFO:Wrote 1000 images to H5. Total images now: 1000
2024-12-11 10:46:16,489:INFO:Wrote 1000 images to H5. Total images now: 2000
2024-12-11 10:46:43,261:INFO:Wrote 1000 images to H5. Total images now: 3000
2024-12-11 10:47:01,479:INFO:Wrote 1000 images to H5. Total images now: 4000
2024-12-11 10:47:02,036:INFO:Wrote remaining 611 images to H5. Total images now: 4611
2024-12-11 10:47:02,058:INFO:Preprocessing complete. Processed entries: 4611, Images added: 4611, Placeholders added: 0
2024-12-11 10:47:02,058:INFO:All metadata entries processed successfully.
2024-12-11 10:47:02,063:INFO:Total metadata entries to process: 1398
2024-12-11 10:47:03,129:INFO:Wrote 1000 images to H5. Total images now: 1000
2024-12-11 10:47:03,506:INFO:Wrote remaining 398 images to H5. Total images now: 1398
2024-12-11 10:47:03,511:INFO:Preprocessing complete. Processed entries: 1398, Images added: 1398, Placeholders added: 0
2024-12-11 10:47:03,511:INFO:All metadata entries processed successfully.
2024-12-11 11:16:27,713:INFO:Total metadata entries to process: 1252
2024-12-11 11:16:28,857:INFO:Wrote 1000 images to H5. Total images now: 1000
2024-12-11 11:16:29,156:INFO:Wrote remaining 252 images to H5. Total images now: 1252
2024-12-11 11:16:29,159:INFO:Preprocessing complete. Processed entries: 1252, Images added: 1252, Placeholders added: 0
2024-12-11 11:16:29,159:INFO:All metadata entries processed successfully.
2024-12-11 11:16:29,169:INFO:Total metadata entries to process: 4153
2024-12-11 11:16:32,451:INFO:Wrote 1000 images to H5. Total images now: 1000
2024-12-11 11:16:38,359:INFO:Wrote 1000 images to H5. Total images now: 2000
2024-12-11 11:16:43,932:INFO:Wrote 1000 images to H5. Total images now: 3000
2024-12-11 11:16:44,800:INFO:Wrote 1000 images to H5. Total images now: 4000
2024-12-11 11:16:44,939:INFO:Wrote remaining 153 images to H5. Total images now: 4153
2024-12-11 11:16:44,970:INFO:Preprocessing complete. Processed entries: 4153, Images added: 4153, Placeholders added: 0
2024-12-11 11:16:44,970:INFO:All metadata entries processed successfully.
2024-12-11 11:16:44,979:INFO:Total metadata entries to process: 1629
2024-12-11 11:16:46,193:INFO:Wrote 1000 images to H5. Total images now: 1000
2024-12-11 11:16:46,800:INFO:Wrote remaining 629 images to H5. Total images now: 1629
2024-12-11 11:16:46,806:INFO:Preprocessing complete. Processed entries: 1629, Images added: 1629, Placeholders added: 0
2024-12-11 11:16:46,806:INFO:All metadata entries processed successfully.
2024-12-11 11:16:46,812:INFO:Total metadata entries to process: 1519
2024-12-11 11:16:47,844:INFO:Wrote 1000 images to H5. Total images now: 1000
2024-12-11 11:16:48,339:INFO:Wrote remaining 519 images to H5. Total images now: 1519
2024-12-11 11:16:48,344:INFO:Preprocessing complete. Processed entries: 1519, Images added: 1519, Placeholders added: 0
2024-12-11 11:16:48,344:INFO:All metadata entries processed successfully.
